<?xml version="1.0" encoding="UTF-8"?>
<coverage generated="1639224274067" clover="3.2.0">
  <project timestamp="1639224274067" name="All files">
    <metrics statements="233" coveredstatements="161" conditionals="53" coveredconditionals="25" methods="41" coveredmethods="27" elements="327" coveredelements="213" complexity="0" loc="233" ncloc="233" packages="3" files="5" classes="5"/>
    <package name="backend_mordecai">
      <metrics statements="18" coveredstatements="13" conditionals="2" coveredconditionals="0" methods="3" coveredmethods="0"/>
      <file name="index.js" path="/home/andrea/Desktop/Ingegneria/mordecai/backend_mordecai/index.js">
        <metrics statements="18" coveredstatements="13" conditionals="2" coveredconditionals="0" methods="3" coveredmethods="0"/>
        <line num="1" count="8" type="stmt"/>
        <line num="2" count="8" type="stmt"/>
        <line num="3" count="8" type="stmt"/>
        <line num="5" count="8" type="stmt"/>
        <line num="7" count="8" type="stmt"/>
        <line num="8" count="8" type="stmt"/>
        <line num="9" count="8" type="stmt"/>
        <line num="11" count="8" type="stmt"/>
        <line num="13" count="8" type="stmt"/>
        <line num="15" count="8" type="stmt"/>
        <line num="17" count="8" type="stmt"/>
        <line num="18" count="0" type="stmt"/>
        <line num="21" count="8" type="stmt"/>
        <line num="22" count="0" type="stmt"/>
        <line num="24" count="0" type="stmt"/>
        <line num="26" count="0" type="cond" truecount="0" falsecount="2"/>
        <line num="28" count="0" type="stmt"/>
        <line num="32" count="8" type="stmt"/>
      </file>
    </package>
    <package name="backend_mordecai.api">
      <metrics statements="186" coveredstatements="121" conditionals="36" coveredconditionals="15" methods="31" coveredmethods="20"/>
      <file name="api.js" path="/home/andrea/Desktop/Ingegneria/mordecai/backend_mordecai/api/api.js">
        <metrics statements="186" coveredstatements="121" conditionals="36" coveredconditionals="15" methods="31" coveredmethods="20"/>
        <line num="1" count="8" type="stmt"/>
        <line num="2" count="8" type="stmt"/>
        <line num="3" count="8" type="stmt"/>
        <line num="6" count="8" type="stmt"/>
        <line num="8" count="8" type="stmt"/>
        <line num="9" count="8" type="stmt"/>
        <line num="11" count="8" type="stmt"/>
        <line num="12" count="8" type="stmt"/>
        <line num="21" count="8" type="cond" truecount="1" falsecount="1"/>
        <line num="22" count="0" type="stmt"/>
        <line num="23" count="8" type="stmt"/>
        <line num="26" count="8" type="stmt"/>
        <line num="27" count="2" type="stmt"/>
        <line num="28" count="2" type="stmt"/>
        <line num="29" count="2" type="stmt"/>
        <line num="30" count="1" type="stmt"/>
        <line num="33" count="1" type="stmt"/>
        <line num="37" count="8" type="stmt"/>
        <line num="38" count="2" type="stmt"/>
        <line num="39" count="2" type="stmt"/>
        <line num="40" count="2" type="stmt"/>
        <line num="41" count="1" type="stmt"/>
        <line num="44" count="1" type="stmt"/>
        <line num="48" count="8" type="stmt"/>
        <line num="49" count="0" type="stmt"/>
        <line num="50" count="0" type="stmt"/>
        <line num="51" count="0" type="stmt"/>
        <line num="52" count="0" type="stmt"/>
        <line num="53" count="0" type="stmt"/>
        <line num="56" count="0" type="stmt"/>
        <line num="60" count="8" type="stmt"/>
        <line num="63" count="0" type="stmt"/>
        <line num="64" count="0" type="stmt"/>
        <line num="65" count="0" type="stmt"/>
        <line num="66" count="0" type="stmt"/>
        <line num="67" count="0" type="stmt"/>
        <line num="68" count="0" type="stmt"/>
        <line num="74" count="0" type="stmt"/>
        <line num="78" count="8" type="stmt"/>
        <line num="79" count="0" type="stmt"/>
        <line num="80" count="0" type="stmt"/>
        <line num="81" count="0" type="stmt"/>
        <line num="82" count="0" type="stmt"/>
        <line num="85" count="0" type="stmt"/>
        <line num="89" count="8" type="stmt"/>
        <line num="90" count="2" type="stmt"/>
        <line num="91" count="2" type="stmt"/>
        <line num="92" count="2" type="stmt"/>
        <line num="93" count="2" type="stmt"/>
        <line num="94" count="1" type="stmt"/>
        <line num="97" count="1" type="stmt"/>
        <line num="101" count="8" type="stmt"/>
        <line num="102" count="2" type="cond" truecount="1" falsecount="1"/>
        <line num="103" count="2" type="stmt"/>
        <line num="104" count="2" type="stmt"/>
        <line num="105" count="1" type="stmt"/>
        <line num="107" count="1" type="stmt"/>
        <line num="111" count="8" type="stmt"/>
        <line num="112" count="2" type="cond" truecount="1" falsecount="1"/>
        <line num="113" count="2" type="stmt"/>
        <line num="114" count="2" type="stmt"/>
        <line num="115" count="1" type="stmt"/>
        <line num="117" count="1" type="stmt"/>
        <line num="121" count="8" type="stmt"/>
        <line num="122" count="5" type="stmt"/>
        <line num="123" count="5" type="stmt"/>
        <line num="124" count="5" type="stmt"/>
        <line num="125" count="4" type="stmt"/>
        <line num="127" count="1" type="stmt"/>
        <line num="131" count="8" type="stmt"/>
        <line num="133" count="2" type="stmt"/>
        <line num="134" count="2" type="stmt"/>
        <line num="135" count="2" type="stmt"/>
        <line num="136" count="2" type="stmt"/>
        <line num="137" count="2" type="stmt"/>
        <line num="161" count="110" type="stmt"/>
        <line num="162" count="110" type="stmt"/>
        <line num="163" count="110" type="stmt"/>
        <line num="164" count="110" type="stmt"/>
        <line num="165" count="110" type="stmt"/>
        <line num="166" count="110" type="cond" truecount="3" falsecount="0"/>
        <line num="168" count="37" type="stmt"/>
        <line num="169" count="37" type="stmt"/>
        <line num="171" count="54" type="stmt"/>
        <line num="172" count="54" type="stmt"/>
        <line num="174" count="19" type="stmt"/>
        <line num="175" count="19" type="stmt"/>
        <line num="177" count="110" type="stmt"/>
        <line num="178" count="110" type="cond" truecount="2" falsecount="0"/>
        <line num="179" count="5" type="stmt"/>
        <line num="180" count="5" type="stmt"/>
        <line num="182" count="105" type="cond" truecount="2" falsecount="0"/>
        <line num="183" count="5" type="stmt"/>
        <line num="184" count="5" type="stmt"/>
        <line num="186" count="110" type="stmt"/>
        <line num="192" count="0" type="stmt"/>
        <line num="195" count="2" type="stmt"/>
        <line num="196" count="2" type="stmt"/>
        <line num="197" count="1" type="stmt"/>
        <line num="198" count="1" type="stmt"/>
        <line num="199" count="110" type="cond" truecount="1" falsecount="1"/>
        <line num="201" count="1" type="stmt"/>
        <line num="202" count="1" type="stmt"/>
        <line num="205" count="1" type="stmt"/>
        <line num="209" count="8" type="stmt"/>
        <line num="210" count="2" type="stmt"/>
        <line num="211" count="2" type="stmt"/>
        <line num="212" count="2" type="stmt"/>
        <line num="213" count="2" type="stmt"/>
        <line num="214" count="2" type="stmt"/>
        <line num="218" count="4941" type="stmt"/>
        <line num="222" count="4941" type="stmt"/>
        <line num="227" count="1" type="stmt"/>
        <line num="228" count="1" type="stmt"/>
        <line num="229" count="2949" type="cond" truecount="2" falsecount="0"/>
        <line num="231" count="1" type="stmt"/>
        <line num="236" count="1" type="stmt"/>
        <line num="237" count="1574" type="stmt"/>
        <line num="241" count="1" type="stmt"/>
        <line num="242" count="7524" type="stmt"/>
        <line num="244" count="1" type="stmt"/>
        <line num="246" count="1" type="stmt"/>
        <line num="247" count="1" type="stmt"/>
        <line num="248" count="50" type="stmt"/>
        <line num="253" count="50" type="stmt"/>
        <line num="256" count="1" type="stmt"/>
        <line num="259" count="2" type="stmt"/>
        <line num="261" count="2" type="stmt"/>
        <line num="262" count="1" type="stmt"/>
        <line num="264" count="210" type="stmt"/>
        <line num="265" count="210" type="stmt"/>
        <line num="266" count="1" type="stmt"/>
        <line num="267" count="4941" type="cond" truecount="2" falsecount="0"/>
        <line num="268" count="1" type="stmt"/>
        <line num="269" count="1" type="stmt"/>
        <line num="270" count="1" type="stmt"/>
        <line num="272" count="1" type="stmt"/>
        <line num="276" count="8" type="stmt"/>
        <line num="277" count="0" type="cond" truecount="0" falsecount="2"/>
        <line num="278" count="0" type="stmt"/>
        <line num="279" count="0" type="stmt"/>
        <line num="281" count="0" type="stmt"/>
        <line num="283" count="0" type="cond" truecount="0" falsecount="2"/>
        <line num="284" count="0" type="stmt"/>
        <line num="285" count="0" type="cond" truecount="0" falsecount="4"/>
        <line num="286" count="0" type="stmt"/>
        <line num="289" count="0" type="stmt"/>
        <line num="294" count="0" type="cond" truecount="0" falsecount="2"/>
        <line num="295" count="0" type="stmt"/>
        <line num="296" count="0" type="stmt"/>
        <line num="297" count="0" type="stmt"/>
        <line num="300" count="0" type="stmt"/>
        <line num="303" count="0" type="cond" truecount="0" falsecount="2"/>
        <line num="304" count="0" type="stmt"/>
        <line num="305" count="0" type="stmt"/>
        <line num="306" count="0" type="stmt"/>
        <line num="307" count="0" type="stmt"/>
        <line num="310" count="0" type="stmt"/>
        <line num="311" count="0" type="stmt"/>
        <line num="312" count="0" type="stmt"/>
        <line num="316" count="0" type="stmt"/>
        <line num="317" count="0" type="cond" truecount="0" falsecount="5"/>
        <line num="318" count="0" type="stmt"/>
        <line num="322" count="0" type="stmt"/>
        <line num="323" count="0" type="stmt"/>
        <line num="326" count="0" type="stmt"/>
        <line num="327" count="0" type="stmt"/>
        <line num="331" count="0" type="stmt"/>
        <line num="332" count="0" type="stmt"/>
        <line num="333" count="0" type="stmt"/>
        <line num="336" count="0" type="stmt"/>
        <line num="340" count="8" type="stmt"/>
        <line num="341" count="0" type="stmt"/>
        <line num="342" count="0" type="stmt"/>
        <line num="343" count="0" type="stmt"/>
        <line num="344" count="0" type="stmt"/>
        <line num="345" count="0" type="stmt"/>
        <line num="347" count="0" type="stmt"/>
        <line num="351" count="8" type="stmt"/>
        <line num="352" count="0" type="stmt"/>
        <line num="353" count="0" type="stmt"/>
        <line num="354" count="0" type="stmt"/>
        <line num="355" count="0" type="stmt"/>
        <line num="356" count="0" type="stmt"/>
        <line num="358" count="0" type="stmt"/>
        <line num="362" count="8" type="stmt"/>
      </file>
    </package>
    <package name="backend_mordecai.test.helper">
      <metrics statements="29" coveredstatements="27" conditionals="15" coveredconditionals="10" methods="7" coveredmethods="7"/>
      <file name="cleanText.js" path="/home/andrea/Desktop/Ingegneria/mordecai/backend_mordecai/test/helper/cleanText.js">
        <metrics statements="4" coveredstatements="4" conditionals="0" coveredconditionals="0" methods="1" coveredmethods="1"/>
        <line num="1" count="2" type="stmt"/>
        <line num="4" count="16" type="stmt"/>
        <line num="5" count="16" type="stmt"/>
        <line num="8" count="2" type="stmt"/>
      </file>
      <file name="request.js" path="/home/andrea/Desktop/Ingegneria/mordecai/backend_mordecai/test/helper/request.js">
        <metrics statements="23" coveredstatements="21" conditionals="15" coveredconditionals="10" methods="4" coveredmethods="4"/>
        <line num="1" count="8" type="stmt"/>
        <line num="2" count="8" type="stmt"/>
        <line num="3" count="8" type="stmt"/>
        <line num="6" count="19" type="stmt"/>
        <line num="10" count="19" type="stmt"/>
        <line num="11" count="19" type="stmt"/>
        <line num="13" count="19" type="stmt"/>
        <line num="15" count="19" type="stmt"/>
        <line num="16" count="19" type="stmt"/>
        <line num="17" count="19" type="stmt"/>
        <line num="19" count="19" type="cond" truecount="3" falsecount="1"/>
        <line num="20" count="0" type="stmt"/>
        <line num="22" count="19" type="cond" truecount="2" falsecount="0"/>
        <line num="23" count="9" type="stmt"/>
        <line num="24" count="19" type="cond" truecount="1" falsecount="1"/>
        <line num="25" count="19" type="stmt"/>
        <line num="26" count="19" type="cond" truecount="1" falsecount="1"/>
        <line num="27" count="0" type="stmt"/>
        <line num="29" count="19" type="stmt"/>
        <line num="33" count="19" type="stmt"/>
        <line num="34" count="19" type="cond" truecount="2" falsecount="0"/>
        <line num="35" count="19" type="stmt"/>
        <line num="38" count="8" type="stmt"/>
      </file>
      <file name="wait.js" path="/home/andrea/Desktop/Ingegneria/mordecai/backend_mordecai/test/helper/wait.js">
        <metrics statements="2" coveredstatements="2" conditionals="0" coveredconditionals="0" methods="2" coveredmethods="2"/>
        <line num="2" count="1" type="stmt"/>
        <line num="5" count="1" type="stmt"/>
      </file>
    </package>
  </project>
</coverage>
