{"/home/andrea/Desktop/Ingegneria/mordecai/backend_mordecai/index.js": {"path":"/home/andrea/Desktop/Ingegneria/mordecai/backend_mordecai/index.js","statementMap":{"0":{"start":{"line":1,"column":16},"end":{"line":1,"column":34}},"1":{"start":{"line":2,"column":13},"end":{"line":2,"column":28}},"2":{"start":{"line":3,"column":13},"end":{"line":3,"column":28}},"3":{"start":{"line":5,"column":0},"end":{"line":5,"column":70}},"4":{"start":{"line":7,"column":12},"end":{"line":7,"column":32}},"5":{"start":{"line":8,"column":12},"end":{"line":8,"column":21}},"6":{"start":{"line":9,"column":0},"end":{"line":9,"column":15}},"7":{"start":{"line":11,"column":0},"end":{"line":11,"column":26}},"8":{"start":{"line":13,"column":0},"end":{"line":13,"column":21}},"9":{"start":{"line":15,"column":0},"end":{"line":15,"column":60}},"10":{"start":{"line":17,"column":0},"end":{"line":19,"column":2}},"11":{"start":{"line":18,"column":2},"end":{"line":18,"column":46}},"12":{"start":{"line":21,"column":0},"end":{"line":29,"column":2}},"13":{"start":{"line":22,"column":15},"end":{"line":22,"column":32}},"14":{"start":{"line":24,"column":2},"end":{"line":27,"column":25}},"15":{"start":{"line":26,"column":6},"end":{"line":26,"column":66}},"16":{"start":{"line":28,"column":2},"end":{"line":28,"column":56}},"17":{"start":{"line":32,"column":0},"end":{"line":32,"column":20}}},"fnMap":{"0":{"name":"(anonymous_0)","decl":{"start":{"line":17,"column":13},"end":{"line":17,"column":14}},"loc":{"start":{"line":17,"column":26},"end":{"line":19,"column":1}},"line":17},"1":{"name":"(anonymous_1)","decl":{"start":{"line":21,"column":20},"end":{"line":21,"column":21}},"loc":{"start":{"line":21,"column":34},"end":{"line":29,"column":1}},"line":21},"2":{"name":"(anonymous_2)","decl":{"start":{"line":24,"column":49},"end":{"line":24,"column":50}},"loc":{"start":{"line":25,"column":2},"end":{"line":27,"column":3}},"line":25}},"branchMap":{"0":{"loc":{"start":{"line":26,"column":13},"end":{"line":26,"column":65}},"type":"cond-expr","locations":[{"start":{"line":26,"column":26},"end":{"line":26,"column":44}},{"start":{"line":26,"column":47},"end":{"line":26,"column":65}}],"line":26}},"s":{"0":8,"1":8,"2":8,"3":8,"4":8,"5":8,"6":8,"7":8,"8":8,"9":8,"10":8,"11":0,"12":8,"13":0,"14":0,"15":0,"16":0,"17":8},"f":{"0":0,"1":0,"2":0},"b":{"0":[0,0]},"_coverageSchema":"1a1c01bbd47fc00a2c39e90264f33305004495a9","hash":"f520d77b18bb7561fba66e99a8271b8abc48f3a5"}
,"/home/andrea/Desktop/Ingegneria/mordecai/backend_mordecai/api/api.js": {"path":"/home/andrea/Desktop/Ingegneria/mordecai/backend_mordecai/api/api.js","statementMap":{"0":{"start":{"line":1,"column":19},"end":{"line":1,"column":55}},"1":{"start":{"line":2,"column":20},"end":{"line":2,"column":43}},"2":{"start":{"line":3,"column":28},"end":{"line":3,"column":73}},"3":{"start":{"line":6,"column":16},"end":{"line":6,"column":46}},"4":{"start":{"line":8,"column":16},"end":{"line":8,"column":34}},"5":{"start":{"line":9,"column":13},"end":{"line":9,"column":29}},"6":{"start":{"line":11,"column":16},"end":{"line":11,"column":77}},"7":{"start":{"line":12,"column":25},"end":{"line":17,"column":2}},"8":{"start":{"line":21,"column":2},"end":{"line":22,"column":20}},"9":{"start":{"line":22,"column":4},"end":{"line":22,"column":20}},"10":{"start":{"line":23,"column":2},"end":{"line":23,"column":27}},"11":{"start":{"line":26,"column":0},"end":{"line":35,"column":2}},"12":{"start":{"line":27,"column":16},"end":{"line":27,"column":25}},"13":{"start":{"line":28,"column":2},"end":{"line":34,"column":3}},"14":{"start":{"line":29,"column":19},"end":{"line":29,"column":67}},"15":{"start":{"line":30,"column":4},"end":{"line":30,"column":34}},"16":{"start":{"line":33,"column":4},"end":{"line":33,"column":25}},"17":{"start":{"line":37,"column":0},"end":{"line":46,"column":2}},"18":{"start":{"line":38,"column":16},"end":{"line":38,"column":25}},"19":{"start":{"line":39,"column":2},"end":{"line":45,"column":3}},"20":{"start":{"line":40,"column":19},"end":{"line":40,"column":68}},"21":{"start":{"line":41,"column":4},"end":{"line":41,"column":34}},"22":{"start":{"line":44,"column":4},"end":{"line":44,"column":25}},"23":{"start":{"line":48,"column":0},"end":{"line":58,"column":2}},"24":{"start":{"line":49,"column":13},"end":{"line":49,"column":26}},"25":{"start":{"line":50,"column":16},"end":{"line":50,"column":25}},"26":{"start":{"line":51,"column":2},"end":{"line":57,"column":3}},"27":{"start":{"line":52,"column":19},"end":{"line":52,"column":79}},"28":{"start":{"line":53,"column":4},"end":{"line":53,"column":34}},"29":{"start":{"line":56,"column":4},"end":{"line":56,"column":25}},"30":{"start":{"line":60,"column":0},"end":{"line":76,"column":2}},"31":{"start":{"line":63,"column":16},"end":{"line":63,"column":25}},"32":{"start":{"line":64,"column":2},"end":{"line":75,"column":3}},"33":{"start":{"line":65,"column":21},"end":{"line":65,"column":91}},"34":{"start":{"line":66,"column":17},"end":{"line":66,"column":54}},"35":{"start":{"line":67,"column":16},"end":{"line":67,"column":53}},"36":{"start":{"line":68,"column":4},"end":{"line":71,"column":6}},"37":{"start":{"line":74,"column":4},"end":{"line":74,"column":25}},"38":{"start":{"line":78,"column":0},"end":{"line":87,"column":2}},"39":{"start":{"line":79,"column":19},"end":{"line":79,"column":38}},"40":{"start":{"line":80,"column":2},"end":{"line":86,"column":3}},"41":{"start":{"line":81,"column":17},"end":{"line":81,"column":58}},"42":{"start":{"line":82,"column":4},"end":{"line":82,"column":30}},"43":{"start":{"line":85,"column":4},"end":{"line":85,"column":25}},"44":{"start":{"line":89,"column":0},"end":{"line":99,"column":2}},"45":{"start":{"line":90,"column":17},"end":{"line":90,"column":30}},"46":{"start":{"line":91,"column":16},"end":{"line":91,"column":25}},"47":{"start":{"line":92,"column":2},"end":{"line":98,"column":3}},"48":{"start":{"line":93,"column":17},"end":{"line":93,"column":53}},"49":{"start":{"line":94,"column":4},"end":{"line":94,"column":30}},"50":{"start":{"line":97,"column":4},"end":{"line":97,"column":25}},"51":{"start":{"line":101,"column":0},"end":{"line":109,"column":2}},"52":{"start":{"line":102,"column":16},"end":{"line":102,"column":31}},"53":{"start":{"line":103,"column":2},"end":{"line":108,"column":3}},"54":{"start":{"line":104,"column":21},"end":{"line":104,"column":79}},"55":{"start":{"line":105,"column":4},"end":{"line":105,"column":34}},"56":{"start":{"line":107,"column":4},"end":{"line":107,"column":23}},"57":{"start":{"line":111,"column":0},"end":{"line":119,"column":2}},"58":{"start":{"line":112,"column":16},"end":{"line":112,"column":31}},"59":{"start":{"line":113,"column":2},"end":{"line":118,"column":3}},"60":{"start":{"line":114,"column":21},"end":{"line":114,"column":72}},"61":{"start":{"line":115,"column":4},"end":{"line":115,"column":34}},"62":{"start":{"line":117,"column":4},"end":{"line":117,"column":23}},"63":{"start":{"line":121,"column":0},"end":{"line":129,"column":2}},"64":{"start":{"line":122,"column":19},"end":{"line":122,"column":38}},"65":{"start":{"line":123,"column":2},"end":{"line":128,"column":3}},"66":{"start":{"line":124,"column":21},"end":{"line":124,"column":68}},"67":{"start":{"line":125,"column":4},"end":{"line":125,"column":34}},"68":{"start":{"line":127,"column":4},"end":{"line":127,"column":23}},"69":{"start":{"line":131,"column":0},"end":{"line":207,"column":2}},"70":{"start":{"line":133,"column":35},"end":{"line":133,"column":44}},"71":{"start":{"line":134,"column":2},"end":{"line":134,"column":51}},"72":{"start":{"line":135,"column":2},"end":{"line":135,"column":32}},"73":{"start":{"line":136,"column":2},"end":{"line":136,"column":21}},"74":{"start":{"line":137,"column":19},"end":{"line":153,"column":3}},"75":{"start":{"line":161,"column":22},"end":{"line":161,"column":42}},"76":{"start":{"line":162,"column":21},"end":{"line":162,"column":41}},"77":{"start":{"line":163,"column":20},"end":{"line":163,"column":75}},"78":{"start":{"line":164,"column":4},"end":{"line":193,"column":5}},"79":{"start":{"line":165,"column":24},"end":{"line":165,"column":56}},"80":{"start":{"line":166,"column":6},"end":{"line":176,"column":7}},"81":{"start":{"line":168,"column":10},"end":{"line":168,"column":38}},"82":{"start":{"line":169,"column":10},"end":{"line":169,"column":15}},"83":{"start":{"line":171,"column":10},"end":{"line":171,"column":39}},"84":{"start":{"line":172,"column":10},"end":{"line":172,"column":15}},"85":{"start":{"line":174,"column":10},"end":{"line":174,"column":39}},"86":{"start":{"line":175,"column":10},"end":{"line":175,"column":15}},"87":{"start":{"line":177,"column":6},"end":{"line":177,"column":41}},"88":{"start":{"line":178,"column":6},"end":{"line":185,"column":7}},"89":{"start":{"line":179,"column":8},"end":{"line":179,"column":47}},"90":{"start":{"line":180,"column":8},"end":{"line":180,"column":37}},"91":{"start":{"line":182,"column":11},"end":{"line":185,"column":7}},"92":{"start":{"line":183,"column":8},"end":{"line":183,"column":38}},"93":{"start":{"line":184,"column":8},"end":{"line":184,"column":48}},"94":{"start":{"line":186,"column":6},"end":{"line":186,"column":53}},"95":{"start":{"line":192,"column":6},"end":{"line":192,"column":20}},"96":{"start":{"line":195,"column":2},"end":{"line":206,"column":3}},"97":{"start":{"line":196,"column":21},"end":{"line":196,"column":94}},"98":{"start":{"line":197,"column":4},"end":{"line":197,"column":33}},"99":{"start":{"line":198,"column":4},"end":{"line":200,"column":5}},"100":{"start":{"line":199,"column":6},"end":{"line":199,"column":51}},"101":{"start":{"line":199,"column":32},"end":{"line":199,"column":51}},"102":{"start":{"line":201,"column":4},"end":{"line":201,"column":133}},"103":{"start":{"line":202,"column":4},"end":{"line":202,"column":36}},"104":{"start":{"line":205,"column":4},"end":{"line":205,"column":25}},"105":{"start":{"line":209,"column":0},"end":{"line":274,"column":2}},"106":{"start":{"line":210,"column":21},"end":{"line":210,"column":24}},"107":{"start":{"line":211,"column":20},"end":{"line":211,"column":22}},"108":{"start":{"line":212,"column":24},"end":{"line":212,"column":25}},"109":{"start":{"line":213,"column":24},"end":{"line":213,"column":26}},"110":{"start":{"line":214,"column":35},"end":{"line":214,"column":44}},"111":{"start":{"line":218,"column":30},"end":{"line":218,"column":51}},"112":{"start":{"line":222,"column":4},"end":{"line":223,"column":67}},"113":{"start":{"line":227,"column":23},"end":{"line":227,"column":25}},"114":{"start":{"line":228,"column":4},"end":{"line":230,"column":5}},"115":{"start":{"line":228,"column":16},"end":{"line":228,"column":17}},"116":{"start":{"line":229,"column":6},"end":{"line":229,"column":60}},"117":{"start":{"line":231,"column":4},"end":{"line":231,"column":21}},"118":{"start":{"line":236,"column":16},"end":{"line":238,"column":6}},"119":{"start":{"line":237,"column":6},"end":{"line":237,"column":30}},"120":{"start":{"line":241,"column":4},"end":{"line":243,"column":7}},"121":{"start":{"line":242,"column":6},"end":{"line":242,"column":34}},"122":{"start":{"line":244,"column":4},"end":{"line":244,"column":35}},"123":{"start":{"line":246,"column":22},"end":{"line":246,"column":24}},"124":{"start":{"line":247,"column":4},"end":{"line":254,"column":6}},"125":{"start":{"line":248,"column":20},"end":{"line":251,"column":9}},"126":{"start":{"line":253,"column":8},"end":{"line":253,"column":28}},"127":{"start":{"line":256,"column":4},"end":{"line":256,"column":21}},"128":{"start":{"line":259,"column":2},"end":{"line":273,"column":3}},"129":{"start":{"line":261,"column":21},"end":{"line":261,"column":69}},"130":{"start":{"line":262,"column":19},"end":{"line":262,"column":64}},"131":{"start":{"line":264,"column":18},"end":{"line":264,"column":41}},"132":{"start":{"line":264,"column":34},"end":{"line":264,"column":40}},"133":{"start":{"line":265,"column":25},"end":{"line":265,"column":54}},"134":{"start":{"line":265,"column":40},"end":{"line":265,"column":53}},"135":{"start":{"line":266,"column":18},"end":{"line":266,"column":38}},"136":{"start":{"line":267,"column":25},"end":{"line":267,"column":123}},"137":{"start":{"line":267,"column":40},"end":{"line":267,"column":52}},"138":{"start":{"line":267,"column":66},"end":{"line":267,"column":122}},"139":{"start":{"line":268,"column":22},"end":{"line":268,"column":59}},"140":{"start":{"line":269,"column":28},"end":{"line":269,"column":71}},"141":{"start":{"line":270,"column":4},"end":{"line":270,"column":41}},"142":{"start":{"line":272,"column":4},"end":{"line":272,"column":27}},"143":{"start":{"line":276,"column":0},"end":{"line":343,"column":2}},"144":{"start":{"line":277,"column":18},"end":{"line":277,"column":33}},"145":{"start":{"line":278,"column":4},"end":{"line":278,"column":41}},"146":{"start":{"line":279,"column":42},"end":{"line":279,"column":47}},"147":{"start":{"line":281,"column":25},"end":{"line":281,"column":27}},"148":{"start":{"line":283,"column":4},"end":{"line":293,"column":5}},"149":{"start":{"line":284,"column":27},"end":{"line":284,"column":64}},"150":{"start":{"line":285,"column":6},"end":{"line":292,"column":7}},"151":{"start":{"line":286,"column":8},"end":{"line":286,"column":51}},"152":{"start":{"line":289,"column":8},"end":{"line":291,"column":11}},"153":{"start":{"line":294,"column":4},"end":{"line":302,"column":5}},"154":{"start":{"line":295,"column":6},"end":{"line":301,"column":7}},"155":{"start":{"line":296,"column":43},"end":{"line":296,"column":95}},"156":{"start":{"line":296,"column":77},"end":{"line":296,"column":94}},"157":{"start":{"line":297,"column":8},"end":{"line":297,"column":84}},"158":{"start":{"line":300,"column":8},"end":{"line":300,"column":44}},"159":{"start":{"line":303,"column":4},"end":{"line":308,"column":5}},"160":{"start":{"line":304,"column":24},"end":{"line":304,"column":44}},"161":{"start":{"line":305,"column":23},"end":{"line":305,"column":43}},"162":{"start":{"line":306,"column":25},"end":{"line":306,"column":78}},"163":{"start":{"line":307,"column":6},"end":{"line":307,"column":40}},"164":{"start":{"line":310,"column":21},"end":{"line":312,"column":12}},"165":{"start":{"line":311,"column":6},"end":{"line":311,"column":55}},"166":{"start":{"line":314,"column":4},"end":{"line":314,"column":50}},"167":{"start":{"line":315,"column":4},"end":{"line":342,"column":5}},"168":{"start":{"line":316,"column":21},"end":{"line":318,"column":7}},"169":{"start":{"line":320,"column":6},"end":{"line":324,"column":8}},"170":{"start":{"line":321,"column":8},"end":{"line":323,"column":9}},"171":{"start":{"line":322,"column":10},"end":{"line":322,"column":42}},"172":{"start":{"line":326,"column":6},"end":{"line":326,"column":88}},"173":{"start":{"line":326,"column":53},"end":{"line":326,"column":86}},"174":{"start":{"line":327,"column":6},"end":{"line":334,"column":8}},"175":{"start":{"line":330,"column":10},"end":{"line":330,"column":33}},"176":{"start":{"line":331,"column":10},"end":{"line":331,"column":38}},"177":{"start":{"line":332,"column":10},"end":{"line":332,"column":19}},"178":{"start":{"line":336,"column":6},"end":{"line":339,"column":9}},"179":{"start":{"line":337,"column":8},"end":{"line":337,"column":36}},"180":{"start":{"line":338,"column":8},"end":{"line":338,"column":23}},"181":{"start":{"line":341,"column":6},"end":{"line":341,"column":22}},"182":{"start":{"line":345,"column":0},"end":{"line":354,"column":2}},"183":{"start":{"line":346,"column":35},"end":{"line":346,"column":44}},"184":{"start":{"line":347,"column":2},"end":{"line":353,"column":3}},"185":{"start":{"line":348,"column":16},"end":{"line":348,"column":65}},"186":{"start":{"line":349,"column":4},"end":{"line":349,"column":30}},"187":{"start":{"line":350,"column":4},"end":{"line":350,"column":39}},"188":{"start":{"line":352,"column":4},"end":{"line":352,"column":25}},"189":{"start":{"line":356,"column":0},"end":{"line":365,"column":2}},"190":{"start":{"line":357,"column":35},"end":{"line":357,"column":44}},"191":{"start":{"line":358,"column":2},"end":{"line":364,"column":3}},"192":{"start":{"line":359,"column":16},"end":{"line":359,"column":65}},"193":{"start":{"line":360,"column":4},"end":{"line":360,"column":30}},"194":{"start":{"line":361,"column":4},"end":{"line":361,"column":39}},"195":{"start":{"line":363,"column":4},"end":{"line":363,"column":25}},"196":{"start":{"line":367,"column":0},"end":{"line":367,"column":23}}},"fnMap":{"0":{"name":"handleError","decl":{"start":{"line":19,"column":9},"end":{"line":19,"column":20}},"loc":{"start":{"line":19,"column":30},"end":{"line":24,"column":1}},"line":19},"1":{"name":"(anonymous_1)","decl":{"start":{"line":26,"column":35},"end":{"line":26,"column":36}},"loc":{"start":{"line":26,"column":55},"end":{"line":35,"column":1}},"line":26},"2":{"name":"(anonymous_2)","decl":{"start":{"line":37,"column":29},"end":{"line":37,"column":30}},"loc":{"start":{"line":37,"column":49},"end":{"line":46,"column":1}},"line":37},"3":{"name":"(anonymous_3)","decl":{"start":{"line":48,"column":33},"end":{"line":48,"column":34}},"loc":{"start":{"line":48,"column":53},"end":{"line":58,"column":1}},"line":48},"4":{"name":"(anonymous_4)","decl":{"start":{"line":60,"column":26},"end":{"line":60,"column":27}},"loc":{"start":{"line":60,"column":46},"end":{"line":76,"column":1}},"line":60},"5":{"name":"(anonymous_5)","decl":{"start":{"line":78,"column":30},"end":{"line":78,"column":31}},"loc":{"start":{"line":78,"column":50},"end":{"line":87,"column":1}},"line":78},"6":{"name":"(anonymous_6)","decl":{"start":{"line":89,"column":26},"end":{"line":89,"column":27}},"loc":{"start":{"line":89,"column":46},"end":{"line":99,"column":1}},"line":89},"7":{"name":"(anonymous_7)","decl":{"start":{"line":101,"column":38},"end":{"line":101,"column":39}},"loc":{"start":{"line":101,"column":58},"end":{"line":109,"column":1}},"line":101},"8":{"name":"(anonymous_8)","decl":{"start":{"line":111,"column":38},"end":{"line":111,"column":39}},"loc":{"start":{"line":111,"column":58},"end":{"line":119,"column":1}},"line":111},"9":{"name":"(anonymous_9)","decl":{"start":{"line":121,"column":32},"end":{"line":121,"column":33}},"loc":{"start":{"line":121,"column":52},"end":{"line":129,"column":1}},"line":121},"10":{"name":"(anonymous_10)","decl":{"start":{"line":131,"column":25},"end":{"line":131,"column":26}},"loc":{"start":{"line":131,"column":45},"end":{"line":207,"column":1}},"line":131},"11":{"name":"analyzeTweet","decl":{"start":{"line":159,"column":11},"end":{"line":159,"column":23}},"loc":{"start":{"line":159,"column":30},"end":{"line":194,"column":3}},"line":159},"12":{"name":"(anonymous_12)","decl":{"start":{"line":209,"column":25},"end":{"line":209,"column":26}},"loc":{"start":{"line":209,"column":45},"end":{"line":274,"column":1}},"line":209},"13":{"name":"cleanText","decl":{"start":{"line":216,"column":11},"end":{"line":216,"column":20}},"loc":{"start":{"line":216,"column":27},"end":{"line":224,"column":3}},"line":216},"14":{"name":"calculateWordsFrequency","decl":{"start":{"line":226,"column":11},"end":{"line":226,"column":34}},"loc":{"start":{"line":226,"column":41},"end":{"line":232,"column":3}},"line":226},"15":{"name":"sortDictionaryByValue","decl":{"start":{"line":234,"column":11},"end":{"line":234,"column":32}},"loc":{"start":{"line":234,"column":46},"end":{"line":257,"column":3}},"line":234},"16":{"name":"(anonymous_16)","decl":{"start":{"line":236,"column":38},"end":{"line":236,"column":39}},"loc":{"start":{"line":236,"column":52},"end":{"line":238,"column":5}},"line":236},"17":{"name":"(anonymous_17)","decl":{"start":{"line":241,"column":15},"end":{"line":241,"column":16}},"loc":{"start":{"line":241,"column":39},"end":{"line":243,"column":5}},"line":241},"18":{"name":"(anonymous_18)","decl":{"start":{"line":247,"column":18},"end":{"line":247,"column":19}},"loc":{"start":{"line":247,"column":26},"end":{"line":254,"column":5}},"line":247},"19":{"name":"(anonymous_19)","decl":{"start":{"line":264,"column":29},"end":{"line":264,"column":30}},"loc":{"start":{"line":264,"column":34},"end":{"line":264,"column":40}},"line":264},"20":{"name":"(anonymous_20)","decl":{"start":{"line":265,"column":35},"end":{"line":265,"column":36}},"loc":{"start":{"line":265,"column":40},"end":{"line":265,"column":53}},"line":265},"21":{"name":"(anonymous_21)","decl":{"start":{"line":267,"column":35},"end":{"line":267,"column":36}},"loc":{"start":{"line":267,"column":40},"end":{"line":267,"column":52}},"line":267},"22":{"name":"(anonymous_22)","decl":{"start":{"line":267,"column":61},"end":{"line":267,"column":62}},"loc":{"start":{"line":267,"column":66},"end":{"line":267,"column":122}},"line":267},"23":{"name":"(anonymous_23)","decl":{"start":{"line":276,"column":22},"end":{"line":276,"column":23}},"loc":{"start":{"line":276,"column":42},"end":{"line":343,"column":1}},"line":276},"24":{"name":"(anonymous_24)","decl":{"start":{"line":296,"column":68},"end":{"line":296,"column":69}},"loc":{"start":{"line":296,"column":77},"end":{"line":296,"column":94}},"line":296},"25":{"name":"(anonymous_25)","decl":{"start":{"line":310,"column":33},"end":{"line":310,"column":34}},"loc":{"start":{"line":310,"column":45},"end":{"line":312,"column":5}},"line":310},"26":{"name":"(anonymous_26)","decl":{"start":{"line":320,"column":42},"end":{"line":320,"column":43}},"loc":{"start":{"line":320,"column":53},"end":{"line":324,"column":7}},"line":320},"27":{"name":"(anonymous_27)","decl":{"start":{"line":326,"column":47},"end":{"line":326,"column":48}},"loc":{"start":{"line":326,"column":53},"end":{"line":326,"column":86}},"line":326},"28":{"name":"(anonymous_28)","decl":{"start":{"line":329,"column":8},"end":{"line":329,"column":9}},"loc":{"start":{"line":329,"column":14},"end":{"line":333,"column":9}},"line":329},"29":{"name":"(anonymous_29)","decl":{"start":{"line":336,"column":22},"end":{"line":336,"column":23}},"loc":{"start":{"line":336,"column":28},"end":{"line":339,"column":7}},"line":336},"30":{"name":"(anonymous_30)","decl":{"start":{"line":345,"column":23},"end":{"line":345,"column":24}},"loc":{"start":{"line":345,"column":43},"end":{"line":354,"column":1}},"line":345},"31":{"name":"(anonymous_31)","decl":{"start":{"line":356,"column":22},"end":{"line":356,"column":23}},"loc":{"start":{"line":356,"column":42},"end":{"line":365,"column":1}},"line":356}},"branchMap":{"0":{"loc":{"start":{"line":21,"column":2},"end":{"line":22,"column":20}},"type":"if","locations":[{"start":{"line":21,"column":2},"end":{"line":22,"column":20}},{"start":{},"end":{}}],"line":21},"1":{"loc":{"start":{"line":102,"column":16},"end":{"line":102,"column":31}},"type":"binary-expr","locations":[{"start":{"line":102,"column":16},"end":{"line":102,"column":25}},{"start":{"line":102,"column":29},"end":{"line":102,"column":31}}],"line":102},"2":{"loc":{"start":{"line":112,"column":16},"end":{"line":112,"column":31}},"type":"binary-expr","locations":[{"start":{"line":112,"column":16},"end":{"line":112,"column":25}},{"start":{"line":112,"column":29},"end":{"line":112,"column":31}}],"line":112},"3":{"loc":{"start":{"line":166,"column":6},"end":{"line":176,"column":7}},"type":"switch","locations":[{"start":{"line":167,"column":8},"end":{"line":169,"column":15}},{"start":{"line":170,"column":8},"end":{"line":172,"column":15}},{"start":{"line":173,"column":8},"end":{"line":175,"column":15}}],"line":166},"4":{"loc":{"start":{"line":178,"column":6},"end":{"line":185,"column":7}},"type":"if","locations":[{"start":{"line":178,"column":6},"end":{"line":185,"column":7}},{"start":{"line":182,"column":11},"end":{"line":185,"column":7}}],"line":178},"5":{"loc":{"start":{"line":182,"column":11},"end":{"line":185,"column":7}},"type":"if","locations":[{"start":{"line":182,"column":11},"end":{"line":185,"column":7}},{"start":{},"end":{}}],"line":182},"6":{"loc":{"start":{"line":199,"column":6},"end":{"line":199,"column":51}},"type":"if","locations":[{"start":{"line":199,"column":6},"end":{"line":199,"column":51}},{"start":{},"end":{}}],"line":199},"7":{"loc":{"start":{"line":229,"column":30},"end":{"line":229,"column":55}},"type":"binary-expr","locations":[{"start":{"line":229,"column":30},"end":{"line":229,"column":50}},{"start":{"line":229,"column":54},"end":{"line":229,"column":55}}],"line":229},"8":{"loc":{"start":{"line":267,"column":66},"end":{"line":267,"column":122}},"type":"binary-expr","locations":[{"start":{"line":267,"column":67},"end":{"line":267,"column":91}},{"start":{"line":267,"column":97},"end":{"line":267,"column":121}}],"line":267},"9":{"loc":{"start":{"line":277,"column":18},"end":{"line":277,"column":33}},"type":"binary-expr","locations":[{"start":{"line":277,"column":18},"end":{"line":277,"column":27}},{"start":{"line":277,"column":31},"end":{"line":277,"column":33}}],"line":277},"10":{"loc":{"start":{"line":283,"column":4},"end":{"line":293,"column":5}},"type":"if","locations":[{"start":{"line":283,"column":4},"end":{"line":293,"column":5}},{"start":{},"end":{}}],"line":283},"11":{"loc":{"start":{"line":285,"column":6},"end":{"line":292,"column":7}},"type":"if","locations":[{"start":{"line":285,"column":6},"end":{"line":292,"column":7}},{"start":{"line":288,"column":11},"end":{"line":292,"column":7}}],"line":285},"12":{"loc":{"start":{"line":285,"column":10},"end":{"line":285,"column":51}},"type":"binary-expr","locations":[{"start":{"line":285,"column":10},"end":{"line":285,"column":27}},{"start":{"line":285,"column":31},"end":{"line":285,"column":51}}],"line":285},"13":{"loc":{"start":{"line":294,"column":4},"end":{"line":302,"column":5}},"type":"if","locations":[{"start":{"line":294,"column":4},"end":{"line":302,"column":5}},{"start":{},"end":{}}],"line":294},"14":{"loc":{"start":{"line":303,"column":4},"end":{"line":308,"column":5}},"type":"if","locations":[{"start":{"line":303,"column":4},"end":{"line":308,"column":5}},{"start":{},"end":{}}],"line":303},"15":{"loc":{"start":{"line":321,"column":8},"end":{"line":323,"column":9}},"type":"if","locations":[{"start":{"line":321,"column":8},"end":{"line":323,"column":9}},{"start":{},"end":{}}],"line":321},"16":{"loc":{"start":{"line":321,"column":12},"end":{"line":321,"column":60}},"type":"binary-expr","locations":[{"start":{"line":321,"column":12},"end":{"line":321,"column":22}},{"start":{"line":321,"column":27},"end":{"line":321,"column":44}},{"start":{"line":321,"column":48},"end":{"line":321,"column":59}}],"line":321}},"s":{"0":8,"1":8,"2":8,"3":8,"4":8,"5":8,"6":8,"7":8,"8":8,"9":0,"10":8,"11":8,"12":2,"13":2,"14":2,"15":1,"16":1,"17":8,"18":2,"19":2,"20":2,"21":1,"22":1,"23":8,"24":0,"25":0,"26":0,"27":0,"28":0,"29":0,"30":8,"31":0,"32":0,"33":0,"34":0,"35":0,"36":0,"37":0,"38":8,"39":0,"40":0,"41":0,"42":0,"43":0,"44":8,"45":2,"46":2,"47":2,"48":2,"49":1,"50":1,"51":8,"52":2,"53":2,"54":2,"55":1,"56":1,"57":8,"58":2,"59":2,"60":2,"61":1,"62":1,"63":8,"64":5,"65":5,"66":5,"67":4,"68":1,"69":8,"70":2,"71":2,"72":2,"73":2,"74":2,"75":109,"76":109,"77":109,"78":109,"79":109,"80":109,"81":32,"82":32,"83":61,"84":61,"85":16,"86":16,"87":109,"88":109,"89":3,"90":3,"91":106,"92":5,"93":5,"94":109,"95":0,"96":2,"97":2,"98":1,"99":1,"100":110,"101":109,"102":1,"103":1,"104":1,"105":8,"106":2,"107":2,"108":2,"109":2,"110":2,"111":5212,"112":5212,"113":1,"114":1,"115":1,"116":3111,"117":1,"118":1,"119":1624,"120":1,"121":7796,"122":1,"123":1,"124":1,"125":50,"126":50,"127":1,"128":2,"129":2,"130":1,"131":1,"132":210,"133":1,"134":210,"135":1,"136":1,"137":5212,"138":5212,"139":1,"140":1,"141":1,"142":1,"143":8,"144":0,"145":0,"146":0,"147":0,"148":0,"149":0,"150":0,"151":0,"152":0,"153":0,"154":0,"155":0,"156":0,"157":0,"158":0,"159":0,"160":0,"161":0,"162":0,"163":0,"164":0,"165":0,"166":0,"167":0,"168":0,"169":0,"170":0,"171":0,"172":0,"173":0,"174":0,"175":0,"176":0,"177":0,"178":0,"179":0,"180":0,"181":0,"182":8,"183":0,"184":0,"185":0,"186":0,"187":0,"188":0,"189":8,"190":0,"191":0,"192":0,"193":0,"194":0,"195":0,"196":8},"f":{"0":8,"1":2,"2":2,"3":0,"4":0,"5":0,"6":2,"7":2,"8":2,"9":5,"10":2,"11":109,"12":2,"13":5212,"14":1,"15":1,"16":1624,"17":7796,"18":50,"19":210,"20":210,"21":5212,"22":5212,"23":0,"24":0,"25":0,"26":0,"27":0,"28":0,"29":0,"30":0,"31":0},"b":{"0":[0,8],"1":[2,0],"2":[2,0],"3":[32,61,16],"4":[3,106],"5":[5,101],"6":[109,1],"7":[3111,1624],"8":[5212,3111],"9":[0,0],"10":[0,0],"11":[0,0],"12":[0,0],"13":[0,0],"14":[0,0],"15":[0,0],"16":[0,0,0]},"_coverageSchema":"1a1c01bbd47fc00a2c39e90264f33305004495a9","hash":"d7fb9276147651e386ac0ebf99084ed5c533de60"}
,"/home/andrea/Desktop/Ingegneria/mordecai/backend_mordecai/test/helper/cleanText.js": {"path":"/home/andrea/Desktop/Ingegneria/mordecai/backend_mordecai/test/helper/cleanText.js","statementMap":{"0":{"start":{"line":1,"column":20},"end":{"line":1,"column":43}},"1":{"start":{"line":4,"column":15},"end":{"line":4,"column":68}},"2":{"start":{"line":5,"column":2},"end":{"line":5,"column":62}},"3":{"start":{"line":8,"column":0},"end":{"line":8,"column":26}}},"fnMap":{"0":{"name":"cleanText","decl":{"start":{"line":3,"column":9},"end":{"line":3,"column":18}},"loc":{"start":{"line":3,"column":25},"end":{"line":6,"column":1}},"line":3}},"branchMap":{},"s":{"0":2,"1":22,"2":22,"3":2},"f":{"0":22},"b":{},"_coverageSchema":"1a1c01bbd47fc00a2c39e90264f33305004495a9","hash":"4797edcb71f3c006a3fbe60f864a48e50ced1b89"}
,"/home/andrea/Desktop/Ingegneria/mordecai/backend_mordecai/test/helper/request.js": {"path":"/home/andrea/Desktop/Ingegneria/mordecai/backend_mordecai/test/helper/request.js","statementMap":{"0":{"start":{"line":1,"column":15},"end":{"line":1,"column":40}},"1":{"start":{"line":2,"column":18},"end":{"line":2,"column":38}},"2":{"start":{"line":3,"column":16},"end":{"line":3,"column":33}},"3":{"start":{"line":6,"column":1},"end":{"line":6,"column":90}},"4":{"start":{"line":6,"column":38},"end":{"line":6,"column":78}},"5":{"start":{"line":10,"column":22},"end":{"line":10,"column":45}},"6":{"start":{"line":11,"column":21},"end":{"line":11,"column":42}},"7":{"start":{"line":13,"column":19},"end":{"line":13,"column":48}},"8":{"start":{"line":15,"column":17},"end":{"line":15,"column":32}},"9":{"start":{"line":16,"column":22},"end":{"line":16,"column":35}},"10":{"start":{"line":17,"column":15},"end":{"line":17,"column":28}},"11":{"start":{"line":19,"column":1},"end":{"line":20,"column":61}},"12":{"start":{"line":20,"column":2},"end":{"line":20,"column":61}},"13":{"start":{"line":22,"column":2},"end":{"line":23,"column":39}},"14":{"start":{"line":23,"column":4},"end":{"line":23,"column":39}},"15":{"start":{"line":24,"column":2},"end":{"line":25,"column":49}},"16":{"start":{"line":25,"column":4},"end":{"line":25,"column":49}},"17":{"start":{"line":26,"column":2},"end":{"line":27,"column":49}},"18":{"start":{"line":27,"column":4},"end":{"line":27,"column":49}},"19":{"start":{"line":29,"column":2},"end":{"line":29,"column":46}},"20":{"start":{"line":33,"column":17},"end":{"line":33,"column":30}},"21":{"start":{"line":34,"column":2},"end":{"line":34,"column":83}},"22":{"start":{"line":35,"column":2},"end":{"line":35,"column":47}},"23":{"start":{"line":38,"column":0},"end":{"line":41,"column":1}}},"fnMap":{"0":{"name":"mapToQueryString","decl":{"start":{"line":5,"column":9},"end":{"line":5,"column":25}},"loc":{"start":{"line":5,"column":31},"end":{"line":7,"column":1}},"line":5},"1":{"name":"(anonymous_1)","decl":{"start":{"line":6,"column":29},"end":{"line":6,"column":30}},"loc":{"start":{"line":6,"column":38},"end":{"line":6,"column":78}},"line":6},"2":{"name":"assertRequest","decl":{"start":{"line":9,"column":15},"end":{"line":9,"column":28}},"loc":{"start":{"line":9,"column":108},"end":{"line":30,"column":1}},"line":9},"3":{"name":"assertApiRequest","decl":{"start":{"line":32,"column":15},"end":{"line":32,"column":31}},"loc":{"start":{"line":32,"column":59},"end":{"line":36,"column":1}},"line":32}},"branchMap":{"0":{"loc":{"start":{"line":9,"column":34},"end":{"line":9,"column":44}},"type":"default-arg","locations":[{"start":{"line":9,"column":42},"end":{"line":9,"column":44}}],"line":9},"1":{"loc":{"start":{"line":9,"column":46},"end":{"line":9,"column":106}},"type":"default-arg","locations":[{"start":{"line":9,"column":104},"end":{"line":9,"column":106}}],"line":9},"2":{"loc":{"start":{"line":19,"column":1},"end":{"line":20,"column":61}},"type":"if","locations":[{"start":{"line":19,"column":1},"end":{"line":20,"column":61}},{"start":{},"end":{}}],"line":19},"3":{"loc":{"start":{"line":19,"column":4},"end":{"line":19,"column":46}},"type":"binary-expr","locations":[{"start":{"line":19,"column":4},"end":{"line":19,"column":18}},{"start":{"line":19,"column":22},"end":{"line":19,"column":46}}],"line":19},"4":{"loc":{"start":{"line":22,"column":2},"end":{"line":23,"column":39}},"type":"if","locations":[{"start":{"line":22,"column":2},"end":{"line":23,"column":39}},{"start":{},"end":{}}],"line":22},"5":{"loc":{"start":{"line":24,"column":2},"end":{"line":25,"column":49}},"type":"if","locations":[{"start":{"line":24,"column":2},"end":{"line":25,"column":49}},{"start":{},"end":{}}],"line":24},"6":{"loc":{"start":{"line":26,"column":2},"end":{"line":27,"column":49}},"type":"if","locations":[{"start":{"line":26,"column":2},"end":{"line":27,"column":49}},{"start":{},"end":{}}],"line":26},"7":{"loc":{"start":{"line":32,"column":44},"end":{"line":32,"column":57}},"type":"default-arg","locations":[{"start":{"line":32,"column":55},"end":{"line":32,"column":57}}],"line":32},"8":{"loc":{"start":{"line":34,"column":33},"end":{"line":34,"column":83}},"type":"binary-expr","locations":[{"start":{"line":34,"column":33},"end":{"line":34,"column":61}},{"start":{"line":34,"column":65},"end":{"line":34,"column":83}}],"line":34}},"s":{"0":8,"1":8,"2":8,"3":19,"4":6,"5":19,"6":19,"7":19,"8":19,"9":19,"10":19,"11":19,"12":0,"13":19,"14":9,"15":19,"16":19,"17":19,"18":0,"19":19,"20":19,"21":19,"22":19,"23":8},"f":{"0":19,"1":6,"2":19,"3":19},"b":{"0":[0],"1":[0],"2":[0,19],"3":[19,9],"4":[9,10],"5":[19,0],"6":[0,19],"7":[10],"8":[19,19]},"_coverageSchema":"1a1c01bbd47fc00a2c39e90264f33305004495a9","hash":"74622151ebaf41b3a0df4cdbe28b4b893800cbfd"}
,"/home/andrea/Desktop/Ingegneria/mordecai/backend_mordecai/test/helper/wait.js": {"path":"/home/andrea/Desktop/Ingegneria/mordecai/backend_mordecai/test/helper/wait.js","statementMap":{"0":{"start":{"line":2,"column":2},"end":{"line":2,"column":49}},"1":{"start":{"line":2,"column":29},"end":{"line":2,"column":48}},"2":{"start":{"line":5,"column":0},"end":{"line":5,"column":24}}},"fnMap":{"0":{"name":"forMs","decl":{"start":{"line":1,"column":15},"end":{"line":1,"column":20}},"loc":{"start":{"line":1,"column":25},"end":{"line":3,"column":1}},"line":1},"1":{"name":"(anonymous_1)","decl":{"start":{"line":2,"column":22},"end":{"line":2,"column":23}},"loc":{"start":{"line":2,"column":29},"end":{"line":2,"column":48}},"line":2}},"branchMap":{},"s":{"0":1,"1":1,"2":1},"f":{"0":1,"1":1},"b":{},"_coverageSchema":"1a1c01bbd47fc00a2c39e90264f33305004495a9","hash":"05845122f256502a33e6e8348ec5362c747fbe59"}
}
