TN:
SF:index.js
FN:17,(anonymous_0)
FN:21,(anonymous_1)
FN:24,(anonymous_2)
FNF:3
FNH:0
FNDA:0,(anonymous_0)
FNDA:0,(anonymous_1)
FNDA:0,(anonymous_2)
DA:1,8
DA:2,8
DA:3,8
DA:5,8
DA:7,8
DA:8,8
DA:9,8
DA:11,8
DA:13,8
DA:15,8
DA:17,8
DA:18,0
DA:21,8
DA:22,0
DA:24,0
DA:26,0
DA:28,0
DA:32,8
LF:18
LH:13
BRDA:26,0,0,0
BRDA:26,0,1,0
BRF:2
BRH:0
end_of_record
TN:
SF:api/api.js
FN:19,handleError
FN:26,(anonymous_1)
FN:37,(anonymous_2)
FN:48,(anonymous_3)
FN:60,(anonymous_4)
FN:78,(anonymous_5)
FN:89,(anonymous_6)
FN:101,(anonymous_7)
FN:111,(anonymous_8)
FN:121,(anonymous_9)
FN:131,(anonymous_10)
FN:159,analyzeTweet
FN:209,(anonymous_12)
FN:216,cleanText
FN:226,calculateWordsFrequency
FN:234,sortDictionaryByValue
FN:236,(anonymous_16)
FN:241,(anonymous_17)
FN:247,(anonymous_18)
FN:264,(anonymous_19)
FN:265,(anonymous_20)
FN:267,(anonymous_21)
FN:267,(anonymous_22)
FN:276,(anonymous_23)
FN:296,(anonymous_24)
FN:310,(anonymous_25)
FN:320,(anonymous_26)
FN:326,(anonymous_27)
FN:329,(anonymous_28)
FN:336,(anonymous_29)
FN:345,(anonymous_30)
FN:356,(anonymous_31)
FNF:32
FNH:20
FNDA:8,handleError
FNDA:2,(anonymous_1)
FNDA:2,(anonymous_2)
FNDA:0,(anonymous_3)
FNDA:0,(anonymous_4)
FNDA:0,(anonymous_5)
FNDA:2,(anonymous_6)
FNDA:2,(anonymous_7)
FNDA:2,(anonymous_8)
FNDA:5,(anonymous_9)
FNDA:2,(anonymous_10)
FNDA:107,analyzeTweet
FNDA:2,(anonymous_12)
FNDA:5000,cleanText
FNDA:1,calculateWordsFrequency
FNDA:1,sortDictionaryByValue
FNDA:1499,(anonymous_16)
FNDA:7208,(anonymous_17)
FNDA:50,(anonymous_18)
FNDA:210,(anonymous_19)
FNDA:210,(anonymous_20)
FNDA:5000,(anonymous_21)
FNDA:5000,(anonymous_22)
FNDA:0,(anonymous_23)
FNDA:0,(anonymous_24)
FNDA:0,(anonymous_25)
FNDA:0,(anonymous_26)
FNDA:0,(anonymous_27)
FNDA:0,(anonymous_28)
FNDA:0,(anonymous_29)
FNDA:0,(anonymous_30)
FNDA:0,(anonymous_31)
DA:1,8
DA:2,8
DA:3,8
DA:6,8
DA:8,8
DA:9,8
DA:11,8
DA:12,8
DA:21,8
DA:22,0
DA:23,8
DA:26,8
DA:27,2
DA:28,2
DA:29,2
DA:30,1
DA:33,1
DA:37,8
DA:38,2
DA:39,2
DA:40,2
DA:41,1
DA:44,1
DA:48,8
DA:49,0
DA:50,0
DA:51,0
DA:52,0
DA:53,0
DA:56,0
DA:60,8
DA:63,0
DA:64,0
DA:65,0
DA:66,0
DA:67,0
DA:68,0
DA:74,0
DA:78,8
DA:79,0
DA:80,0
DA:81,0
DA:82,0
DA:85,0
DA:89,8
DA:90,2
DA:91,2
DA:92,2
DA:93,2
DA:94,1
DA:97,1
DA:101,8
DA:102,2
DA:103,2
DA:104,2
DA:105,1
DA:107,1
DA:111,8
DA:112,2
DA:113,2
DA:114,2
DA:115,1
DA:117,1
DA:121,8
DA:122,5
DA:123,5
DA:124,5
DA:125,4
DA:127,1
DA:131,8
DA:133,2
DA:134,2
DA:135,2
DA:136,2
DA:137,2
DA:161,107
DA:162,107
DA:163,107
DA:164,107
DA:165,107
DA:166,107
DA:168,42
DA:169,42
DA:171,47
DA:172,47
DA:174,18
DA:175,18
DA:177,107
DA:178,107
DA:179,7
DA:180,7
DA:182,100
DA:183,4
DA:184,4
DA:186,107
DA:192,0
DA:195,2
DA:196,2
DA:197,1
DA:198,1
DA:199,110
DA:201,1
DA:202,1
DA:205,1
DA:209,8
DA:210,2
DA:211,2
DA:212,2
DA:213,2
DA:214,2
DA:218,5000
DA:222,5000
DA:227,1
DA:228,1
DA:229,2947
DA:231,1
DA:236,1
DA:237,1499
DA:241,1
DA:242,7208
DA:244,1
DA:246,1
DA:247,1
DA:248,50
DA:253,50
DA:256,1
DA:259,2
DA:261,2
DA:262,1
DA:264,210
DA:265,210
DA:266,1
DA:267,5000
DA:268,1
DA:269,1
DA:270,1
DA:272,1
DA:276,8
DA:277,0
DA:278,0
DA:279,0
DA:281,0
DA:283,0
DA:284,0
DA:285,0
DA:286,0
DA:289,0
DA:294,0
DA:295,0
DA:296,0
DA:297,0
DA:300,0
DA:303,0
DA:304,0
DA:305,0
DA:306,0
DA:307,0
DA:310,0
DA:311,0
DA:314,0
DA:315,0
DA:316,0
DA:320,0
DA:321,0
DA:322,0
DA:326,0
DA:327,0
DA:330,0
DA:331,0
DA:332,0
DA:336,0
DA:337,0
DA:338,0
DA:341,0
DA:345,8
DA:346,0
DA:347,0
DA:348,0
DA:349,0
DA:350,0
DA:352,0
DA:356,8
DA:357,0
DA:358,0
DA:359,0
DA:360,0
DA:361,0
DA:363,0
DA:367,8
LF:189
LH:121
BRDA:21,0,0,0
BRDA:21,0,1,8
BRDA:102,1,0,2
BRDA:102,1,1,0
BRDA:112,2,0,2
BRDA:112,2,1,0
BRDA:166,3,0,42
BRDA:166,3,1,47
BRDA:166,3,2,18
BRDA:178,4,0,7
BRDA:178,4,1,100
BRDA:182,5,0,4
BRDA:182,5,1,96
BRDA:199,6,0,107
BRDA:199,6,1,3
BRDA:229,7,0,2947
BRDA:229,7,1,1499
BRDA:267,8,0,5000
BRDA:267,8,1,2947
BRDA:277,9,0,0
BRDA:277,9,1,0
BRDA:283,10,0,0
BRDA:283,10,1,0
BRDA:285,11,0,0
BRDA:285,11,1,0
BRDA:285,12,0,0
BRDA:285,12,1,0
BRDA:294,13,0,0
BRDA:294,13,1,0
BRDA:303,14,0,0
BRDA:303,14,1,0
BRDA:321,15,0,0
BRDA:321,15,1,0
BRDA:321,16,0,0
BRDA:321,16,1,0
BRDA:321,16,2,0
BRF:36
BRH:16
end_of_record
TN:
SF:test/helper/cleanText.js
FN:3,cleanText
FNF:1
FNH:1
FNDA:16,cleanText
DA:1,2
DA:4,16
DA:5,16
DA:8,2
LF:4
LH:4
BRF:0
BRH:0
end_of_record
TN:
SF:test/helper/request.js
FN:5,mapToQueryString
FN:6,(anonymous_1)
FN:9,assertRequest
FN:32,assertApiRequest
FNF:4
FNH:4
FNDA:19,mapToQueryString
FNDA:6,(anonymous_1)
FNDA:19,assertRequest
FNDA:19,assertApiRequest
DA:1,8
DA:2,8
DA:3,8
DA:6,19
DA:10,19
DA:11,19
DA:13,19
DA:15,19
DA:16,19
DA:17,19
DA:19,19
DA:20,0
DA:22,19
DA:23,9
DA:24,19
DA:25,19
DA:26,19
DA:27,0
DA:29,19
DA:33,19
DA:34,19
DA:35,19
DA:38,8
LF:23
LH:21
BRDA:9,0,0,0
BRDA:9,1,0,0
BRDA:19,2,0,0
BRDA:19,2,1,19
BRDA:19,3,0,19
BRDA:19,3,1,9
BRDA:22,4,0,9
BRDA:22,4,1,10
BRDA:24,5,0,19
BRDA:24,5,1,0
BRDA:26,6,0,0
BRDA:26,6,1,19
BRDA:32,7,0,10
BRDA:34,8,0,19
BRDA:34,8,1,19
BRF:15
BRH:10
end_of_record
TN:
SF:test/helper/wait.js
FN:1,forMs
FN:2,(anonymous_1)
FNF:2
FNH:2
FNDA:1,forMs
FNDA:1,(anonymous_1)
DA:2,1
DA:5,1
LF:2
LH:2
BRF:0
BRH:0
end_of_record
